<?xml version="1.0" encoding="UTF-8"?>
<testng-results skipped="0" failed="2" total="12" passed="10">
  <reporter-output>
  </reporter-output>
  <suite name="Default suite" duration-ms="174407" started-at="2021-10-13T07:23:02Z" finished-at="2021-10-13T07:25:57Z">
    <groups>
    </groups>
    <test name="Default test" duration-ms="174407" started-at="2021-10-13T07:23:02Z" finished-at="2021-10-13T07:25:57Z">
      <class name="com.tab.qa.testcase.HomePageTest">
        <test-method status="PASS" signature="setup()[pri:0, instance:com.tab.qa.testcase.HomePageTest@724af044]" name="setup" is-config="true" duration-ms="18595" started-at="2021-10-13T12:53:02Z" finished-at="2021-10-13T12:53:21Z">
          <reporter-output>
          </reporter-output>
        </test-method> <!-- setup -->
        <test-method status="PASS" signature="verifyHomeTitleTest()[pri:0, instance:com.tab.qa.testcase.HomePageTest@724af044]" name="verifyHomeTitleTest" duration-ms="59" started-at="2021-10-13T12:53:21Z" finished-at="2021-10-13T12:53:21Z">
          <reporter-output>
          </reporter-output>
        </test-method> <!-- verifyHomeTitleTest -->
        <test-method status="PASS" signature="TearDown()[pri:0, instance:com.tab.qa.testcase.HomePageTest@724af044]" name="TearDown" is-config="true" duration-ms="770" started-at="2021-10-13T12:53:21Z" finished-at="2021-10-13T12:53:22Z">
          <reporter-output>
          </reporter-output>
        </test-method> <!-- TearDown -->
        <test-method status="PASS" signature="setup()[pri:0, instance:com.tab.qa.testcase.HomePageTest@724af044]" name="setup" is-config="true" duration-ms="11311" started-at="2021-10-13T12:53:22Z" finished-at="2021-10-13T12:53:33Z">
          <reporter-output>
          </reporter-output>
        </test-method> <!-- setup -->
        <test-method status="PASS" signature="verifyAddNewButton()[pri:0, instance:com.tab.qa.testcase.HomePageTest@724af044]" name="verifyAddNewButton" duration-ms="42" started-at="2021-10-13T12:53:33Z" finished-at="2021-10-13T12:53:33Z">
          <reporter-output>
          </reporter-output>
        </test-method> <!-- verifyAddNewButton -->
        <test-method status="PASS" signature="TearDown()[pri:0, instance:com.tab.qa.testcase.HomePageTest@724af044]" name="TearDown" is-config="true" duration-ms="709" started-at="2021-10-13T12:53:33Z" finished-at="2021-10-13T12:53:34Z">
          <reporter-output>
          </reporter-output>
        </test-method> <!-- TearDown -->
        <test-method status="PASS" signature="setup()[pri:0, instance:com.tab.qa.testcase.HomePageTest@724af044]" name="setup" is-config="true" duration-ms="10865" started-at="2021-10-13T12:53:34Z" finished-at="2021-10-13T12:53:45Z">
          <reporter-output>
          </reporter-output>
        </test-method> <!-- setup -->
        <test-method status="FAIL" signature="verifyAddDashboard()[pri:0, instance:com.tab.qa.testcase.HomePageTest@724af044]" name="verifyAddDashboard" duration-ms="44" started-at="2021-10-13T12:53:45Z" finished-at="2021-10-13T12:53:45Z">
          <exception class="java.lang.AssertionError">
            <message>
              <![CDATA[expected [Dashbaord] but found [DASHBOARD]]]>
            </message>
            <full-stacktrace>
              <![CDATA[java.lang.AssertionError: expected [Dashbaord] but found [DASHBOARD]
	at org.testng.Assert.fail(Assert.java:94)
	at org.testng.Assert.failNotEquals(Assert.java:494)
	at org.testng.Assert.assertEquals(Assert.java:123)
	at org.testng.Assert.assertEquals(Assert.java:176)
	at org.testng.Assert.assertEquals(Assert.java:186)
	at com.tab.qa.testcase.HomePageTest.verifyAddDashboard(HomePageTest.java:48)
	at sun.reflect.NativeMethodAccessorImpl.invoke0(Native Method)
	at sun.reflect.NativeMethodAccessorImpl.invoke(Unknown Source)
	at sun.reflect.DelegatingMethodAccessorImpl.invoke(Unknown Source)
	at java.lang.reflect.Method.invoke(Unknown Source)
	at org.testng.internal.MethodInvocationHelper.invokeMethod(MethodInvocationHelper.java:80)
	at org.testng.internal.Invoker.invokeMethod(Invoker.java:714)
	at org.testng.internal.Invoker.invokeTestMethod(Invoker.java:901)
	at org.testng.internal.Invoker.invokeTestMethods(Invoker.java:1231)
	at org.testng.internal.TestMethodWorker.invokeTestMethods(TestMethodWorker.java:127)
	at org.testng.internal.TestMethodWorker.run(TestMethodWorker.java:111)
	at org.testng.TestRunner.privateRun(TestRunner.java:767)
	at org.testng.TestRunner.run(TestRunner.java:617)
	at org.testng.SuiteRunner.runTest(SuiteRunner.java:334)
	at org.testng.SuiteRunner.runSequentially(SuiteRunner.java:329)
	at org.testng.SuiteRunner.privateRun(SuiteRunner.java:291)
	at org.testng.SuiteRunner.run(SuiteRunner.java:240)
	at org.testng.SuiteRunnerWorker.runSuite(SuiteRunnerWorker.java:52)
	at org.testng.SuiteRunnerWorker.run(SuiteRunnerWorker.java:86)
	at org.testng.TestNG.runSuitesSequentially(TestNG.java:1198)
	at org.testng.TestNG.runSuitesLocally(TestNG.java:1123)
	at org.testng.TestNG.run(TestNG.java:1031)
	at org.testng.remote.AbstractRemoteTestNG.run(AbstractRemoteTestNG.java:114)
	at org.testng.remote.RemoteTestNG.initAndRun(RemoteTestNG.java:251)
	at org.testng.remote.RemoteTestNG.main(RemoteTestNG.java:77)
]]>
            </full-stacktrace>
          </exception> <!-- java.lang.AssertionError -->
          <reporter-output>
          </reporter-output>
        </test-method> <!-- verifyAddDashboard -->
        <test-method status="PASS" signature="TearDown()[pri:0, instance:com.tab.qa.testcase.HomePageTest@724af044]" name="TearDown" is-config="true" duration-ms="748" started-at="2021-10-13T12:53:45Z" finished-at="2021-10-13T12:53:46Z">
          <reporter-output>
          </reporter-output>
        </test-method> <!-- TearDown -->
        <test-method status="PASS" signature="setup()[pri:0, instance:com.tab.qa.testcase.HomePageTest@724af044]" name="setup" is-config="true" duration-ms="16129" started-at="2021-10-13T12:53:46Z" finished-at="2021-10-13T12:54:02Z">
          <reporter-output>
          </reporter-output>
        </test-method> <!-- setup -->
        <test-method status="PASS" signature="verifyInventory()[pri:0, instance:com.tab.qa.testcase.HomePageTest@724af044]" name="verifyInventory" duration-ms="152" started-at="2021-10-13T12:54:02Z" finished-at="2021-10-13T12:54:02Z">
          <reporter-output>
          </reporter-output>
        </test-method> <!-- verifyInventory -->
        <test-method status="PASS" signature="TearDown()[pri:0, instance:com.tab.qa.testcase.HomePageTest@724af044]" name="TearDown" is-config="true" duration-ms="2226" started-at="2021-10-13T12:54:02Z" finished-at="2021-10-13T12:54:04Z">
          <reporter-output>
          </reporter-output>
        </test-method> <!-- TearDown -->
        <test-method status="PASS" signature="setup()[pri:0, instance:com.tab.qa.testcase.HomePageTest@724af044]" name="setup" is-config="true" duration-ms="12961" started-at="2021-10-13T12:54:04Z" finished-at="2021-10-13T12:54:17Z">
          <reporter-output>
          </reporter-output>
        </test-method> <!-- setup -->
        <test-method status="FAIL" signature="verifyVendor()[pri:0, instance:com.tab.qa.testcase.HomePageTest@724af044]" name="verifyVendor" duration-ms="62" started-at="2021-10-13T12:54:17Z" finished-at="2021-10-13T12:54:17Z">
          <exception class="java.lang.AssertionError">
            <message>
              <![CDATA[expected [Inventory] but found [Vendor]]]>
            </message>
            <full-stacktrace>
              <![CDATA[java.lang.AssertionError: expected [Inventory] but found [Vendor]
	at org.testng.Assert.fail(Assert.java:94)
	at org.testng.Assert.failNotEquals(Assert.java:494)
	at org.testng.Assert.assertEquals(Assert.java:123)
	at org.testng.Assert.assertEquals(Assert.java:176)
	at org.testng.Assert.assertEquals(Assert.java:186)
	at com.tab.qa.testcase.HomePageTest.verifyVendor(HomePageTest.java:64)
	at sun.reflect.NativeMethodAccessorImpl.invoke0(Native Method)
	at sun.reflect.NativeMethodAccessorImpl.invoke(Unknown Source)
	at sun.reflect.DelegatingMethodAccessorImpl.invoke(Unknown Source)
	at java.lang.reflect.Method.invoke(Unknown Source)
	at org.testng.internal.MethodInvocationHelper.invokeMethod(MethodInvocationHelper.java:80)
	at org.testng.internal.Invoker.invokeMethod(Invoker.java:714)
	at org.testng.internal.Invoker.invokeTestMethod(Invoker.java:901)
	at org.testng.internal.Invoker.invokeTestMethods(Invoker.java:1231)
	at org.testng.internal.TestMethodWorker.invokeTestMethods(TestMethodWorker.java:127)
	at org.testng.internal.TestMethodWorker.run(TestMethodWorker.java:111)
	at org.testng.TestRunner.privateRun(TestRunner.java:767)
	at org.testng.TestRunner.run(TestRunner.java:617)
	at org.testng.SuiteRunner.runTest(SuiteRunner.java:334)
	at org.testng.SuiteRunner.runSequentially(SuiteRunner.java:329)
	at org.testng.SuiteRunner.privateRun(SuiteRunner.java:291)
	at org.testng.SuiteRunner.run(SuiteRunner.java:240)
	at org.testng.SuiteRunnerWorker.runSuite(SuiteRunnerWorker.java:52)
	at org.testng.SuiteRunnerWorker.run(SuiteRunnerWorker.java:86)
	at org.testng.TestNG.runSuitesSequentially(TestNG.java:1198)
	at org.testng.TestNG.runSuitesLocally(TestNG.java:1123)
	at org.testng.TestNG.run(TestNG.java:1031)
	at org.testng.remote.AbstractRemoteTestNG.run(AbstractRemoteTestNG.java:114)
	at org.testng.remote.RemoteTestNG.initAndRun(RemoteTestNG.java:251)
	at org.testng.remote.RemoteTestNG.main(RemoteTestNG.java:77)
]]>
            </full-stacktrace>
          </exception> <!-- java.lang.AssertionError -->
          <reporter-output>
          </reporter-output>
        </test-method> <!-- verifyVendor -->
        <test-method status="PASS" signature="TearDown()[pri:0, instance:com.tab.qa.testcase.HomePageTest@724af044]" name="TearDown" is-config="true" duration-ms="720" started-at="2021-10-13T12:54:17Z" finished-at="2021-10-13T12:54:18Z">
          <reporter-output>
          </reporter-output>
        </test-method> <!-- TearDown -->
        <test-method status="PASS" signature="setup()[pri:0, instance:com.tab.qa.testcase.HomePageTest@724af044]" name="setup" is-config="true" duration-ms="23967" started-at="2021-10-13T12:54:18Z" finished-at="2021-10-13T12:54:42Z">
          <reporter-output>
          </reporter-output>
        </test-method> <!-- setup -->
        <test-method status="PASS" signature="verifySalesOrder()[pri:0, instance:com.tab.qa.testcase.HomePageTest@724af044]" name="verifySalesOrder" duration-ms="62" started-at="2021-10-13T12:54:42Z" finished-at="2021-10-13T12:54:42Z">
          <reporter-output>
          </reporter-output>
        </test-method> <!-- verifySalesOrder -->
        <test-method status="PASS" signature="TearDown()[pri:0, instance:com.tab.qa.testcase.HomePageTest@724af044]" name="TearDown" is-config="true" duration-ms="750" started-at="2021-10-13T12:54:42Z" finished-at="2021-10-13T12:54:43Z">
          <reporter-output>
          </reporter-output>
        </test-method> <!-- TearDown -->
        <test-method status="PASS" signature="setup()[pri:0, instance:com.tab.qa.testcase.HomePageTest@724af044]" name="setup" is-config="true" duration-ms="10589" started-at="2021-10-13T12:54:43Z" finished-at="2021-10-13T12:54:53Z">
          <reporter-output>
          </reporter-output>
        </test-method> <!-- setup -->
        <test-method status="PASS" signature="verifyProductSearch()[pri:0, instance:com.tab.qa.testcase.HomePageTest@724af044]" name="verifyProductSearch" duration-ms="62" started-at="2021-10-13T12:54:53Z" finished-at="2021-10-13T12:54:53Z">
          <reporter-output>
          </reporter-output>
        </test-method> <!-- verifyProductSearch -->
        <test-method status="PASS" signature="TearDown()[pri:0, instance:com.tab.qa.testcase.HomePageTest@724af044]" name="TearDown" is-config="true" duration-ms="816" started-at="2021-10-13T12:54:53Z" finished-at="2021-10-13T12:54:54Z">
          <reporter-output>
          </reporter-output>
        </test-method> <!-- TearDown -->
        <test-method status="PASS" signature="setup()[pri:0, instance:com.tab.qa.testcase.HomePageTest@724af044]" name="setup" is-config="true" duration-ms="12016" started-at="2021-10-13T12:54:54Z" finished-at="2021-10-13T12:55:06Z">
          <reporter-output>
          </reporter-output>
        </test-method> <!-- setup -->
        <test-method status="PASS" signature="VerifyDelivery()[pri:0, instance:com.tab.qa.testcase.HomePageTest@724af044]" name="VerifyDelivery" duration-ms="62" started-at="2021-10-13T12:55:06Z" finished-at="2021-10-13T12:55:06Z">
          <reporter-output>
          </reporter-output>
        </test-method> <!-- VerifyDelivery -->
        <test-method status="PASS" signature="TearDown()[pri:0, instance:com.tab.qa.testcase.HomePageTest@724af044]" name="TearDown" is-config="true" duration-ms="703" started-at="2021-10-13T12:55:06Z" finished-at="2021-10-13T12:55:07Z">
          <reporter-output>
          </reporter-output>
        </test-method> <!-- TearDown -->
        <test-method status="PASS" signature="setup()[pri:0, instance:com.tab.qa.testcase.HomePageTest@724af044]" name="setup" is-config="true" duration-ms="11939" started-at="2021-10-13T12:55:07Z" finished-at="2021-10-13T12:55:19Z">
          <reporter-output>
          </reporter-output>
        </test-method> <!-- setup -->
        <test-method status="PASS" signature="verifyHealthArticle()[pri:0, instance:com.tab.qa.testcase.HomePageTest@724af044]" name="verifyHealthArticle" duration-ms="46" started-at="2021-10-13T12:55:19Z" finished-at="2021-10-13T12:55:19Z">
          <reporter-output>
          </reporter-output>
        </test-method> <!-- verifyHealthArticle -->
        <test-method status="PASS" signature="TearDown()[pri:0, instance:com.tab.qa.testcase.HomePageTest@724af044]" name="TearDown" is-config="true" duration-ms="753" started-at="2021-10-13T12:55:19Z" finished-at="2021-10-13T12:55:20Z">
          <reporter-output>
          </reporter-output>
        </test-method> <!-- TearDown -->
        <test-method status="PASS" signature="setup()[pri:0, instance:com.tab.qa.testcase.HomePageTest@724af044]" name="setup" is-config="true" duration-ms="11559" started-at="2021-10-13T12:55:20Z" finished-at="2021-10-13T12:55:31Z">
          <reporter-output>
          </reporter-output>
        </test-method> <!-- setup -->
        <test-method status="PASS" signature="verifyUserAccount()[pri:0, instance:com.tab.qa.testcase.HomePageTest@724af044]" name="verifyUserAccount" duration-ms="47" started-at="2021-10-13T12:55:31Z" finished-at="2021-10-13T12:55:31Z">
          <reporter-output>
          </reporter-output>
        </test-method> <!-- verifyUserAccount -->
        <test-method status="PASS" signature="TearDown()[pri:0, instance:com.tab.qa.testcase.HomePageTest@724af044]" name="TearDown" is-config="true" duration-ms="721" started-at="2021-10-13T12:55:31Z" finished-at="2021-10-13T12:55:32Z">
          <reporter-output>
          </reporter-output>
        </test-method> <!-- TearDown -->
        <test-method status="PASS" signature="setup()[pri:0, instance:com.tab.qa.testcase.HomePageTest@724af044]" name="setup" is-config="true" duration-ms="11359" started-at="2021-10-13T12:55:32Z" finished-at="2021-10-13T12:55:43Z">
          <reporter-output>
          </reporter-output>
        </test-method> <!-- setup -->
        <test-method status="PASS" signature="verifyCreateOrder()[pri:0, instance:com.tab.qa.testcase.HomePageTest@724af044]" name="verifyCreateOrder" duration-ms="81" started-at="2021-10-13T12:55:43Z" finished-at="2021-10-13T12:55:43Z">
          <reporter-output>
          </reporter-output>
        </test-method> <!-- verifyCreateOrder -->
        <test-method status="PASS" signature="TearDown()[pri:0, instance:com.tab.qa.testcase.HomePageTest@724af044]" name="TearDown" is-config="true" duration-ms="735" started-at="2021-10-13T12:55:43Z" finished-at="2021-10-13T12:55:44Z">
          <reporter-output>
          </reporter-output>
        </test-method> <!-- TearDown -->
        <test-method status="PASS" signature="setup()[pri:0, instance:com.tab.qa.testcase.HomePageTest@724af044]" name="setup" is-config="true" duration-ms="11792" started-at="2021-10-13T12:55:44Z" finished-at="2021-10-13T12:55:56Z">
          <reporter-output>
          </reporter-output>
        </test-method> <!-- setup -->
        <test-method status="PASS" signature="verifyCopyright()[pri:0, instance:com.tab.qa.testcase.HomePageTest@724af044]" name="verifyCopyright" duration-ms="62" started-at="2021-10-13T12:55:56Z" finished-at="2021-10-13T12:55:56Z">
          <reporter-output>
          </reporter-output>
        </test-method> <!-- verifyCopyright -->
        <test-method status="PASS" signature="TearDown()[pri:0, instance:com.tab.qa.testcase.HomePageTest@724af044]" name="TearDown" is-config="true" duration-ms="784" started-at="2021-10-13T12:55:56Z" finished-at="2021-10-13T12:55:57Z">
          <reporter-output>
          </reporter-output>
        </test-method> <!-- TearDown -->
      </class> <!-- com.tab.qa.testcase.HomePageTest -->
    </test> <!-- Default test -->
  </suite> <!-- Default suite -->
</testng-results>
